# JRE version: OpenJDK Runtime Environment (8.0_111-b14) (build 1.8.0_111-8u111-b14-2ubuntu0.16.04.2-b14)
# Java VM: OpenJDK 64-Bit Server VM (25.111-b14 mixed mode linux-amd64 compressed oops)
Heap:
 PSYoungGen      total 110080K, used 90578K [0x00000000e1800000, 0x00000000ece00000, 0x0000000100000000)
  eden space 96256K, 91% used [0x00000000e1800000,0x00000000e6d90908,0x00000000e7600000)
  from space 13824K, 21% used [0x00000000e7600000,0x00000000e78e4140,0x00000000e8380000)
  to   space 13824K, 0% used [0x00000000ec080000,0x00000000ec080000,0x00000000ece00000)
 ParOldGen       total 61952K, used 20834K [0x00000000a4800000, 0x00000000a8480000, 0x00000000e1800000)
  object space 61952K, 33% used [0x00000000a4800000,0x00000000a5c58a68,0x00000000a8480000)
 Metaspace       used 21355K, capacity 21619K, committed 21808K, reserved 1069056K
  class space    used 2061K, capacity 2159K, committed 2176K, reserved 1048576K
GC Heap History (10 events):
Event: 2.797 GC heap before
{Heap before GC invocations=4 (full 0):
 PSYoungGen      total 27648K, used 27622K [0x00000000e1800000, 0x00000000e4e00000, 0x0000000100000000)
  eden space 24064K, 100% used [0x00000000e1800000,0x00000000e2f80000,0x00000000e2f80000)
  from space 3584K, 99% used [0x00000000e2f80000,0x00000000e32f99a8,0x00000000e3300000)
  to   space 3584K, 0% used [0x00000000e4a80000,0x00000000e4a80000,0x00000000e4e00000)
 ParOldGen       total 62976K, used 10052K [0x00000000a4800000, 0x00000000a8580000, 0x00000000e1800000)
  object space 62976K, 15% used [0x00000000a4800000,0x00000000a51d1090,0x00000000a8580000)
 Metaspace       used 20115K, capacity 20363K, committed 20608K, reserved 1067008K
  class space    used 2005K, capacity 2089K, committed 2176K, reserved 1048576K
Event: 2.811 GC heap after
Heap after GC invocations=4 (full 0):
 PSYoungGen      total 51712K, used 3568K [0x00000000e1800000, 0x00000000e4e00000, 0x0000000100000000)
  eden space 48128K, 0% used [0x00000000e1800000,0x00000000e1800000,0x00000000e4700000)
  from space 3584K, 99% used [0x00000000e4a80000,0x00000000e4dfc130,0x00000000e4e00000)
  to   space 3584K, 0% used [0x00000000e4700000,0x00000000e4700000,0x00000000e4a80000)
 ParOldGen       total 62976K, used 18568K [0x00000000a4800000, 0x00000000a8580000, 0x00000000e1800000)
  object space 62976K, 29% used [0x00000000a4800000,0x00000000a5a221d8,0x00000000a8580000)
 Metaspace       used 20115K, capacity 20363K, committed 20608K, reserved 1067008K
  class space    used 2005K, capacity 2089K, committed 2176K, reserved 1048576K
}
Event: 5.633 GC heap before
{Heap before GC invocations=5 (full 0):
 PSYoungGen      total 51712K, used 51696K [0x00000000e1800000, 0x00000000e4e00000, 0x0000000100000000)
  eden space 48128K, 100% used [0x00000000e1800000,0x00000000e4700000,0x00000000e4700000)
  from space 3584K, 99% used [0x00000000e4a80000,0x00000000e4dfc130,0x00000000e4e00000)
  to   space 3584K, 0% used [0x00000000e4700000,0x00000000e4700000,0x00000000e4a80000)
 ParOldGen       total 62976K, used 18568K [0x00000000a4800000, 0x00000000a8580000, 0x00000000e1800000)
  object space 62976K, 29% used [0x00000000a4800000,0x00000000a5a221d8,0x00000000a8580000)
 Metaspace       used 20507K, capacity 20787K, committed 21120K, reserved 1069056K
  class space    used 2018K, capacity 2095K, committed 2176K, reserved 1048576K
Event: 5.638 GC heap after
Heap after GC invocations=5 (full 0):
 PSYoungGen      total 51712K, used 3552K [0x00000000e1800000, 0x00000000e9100000, 0x0000000100000000)
  eden space 48128K, 0% used [0x00000000e1800000,0x00000000e1800000,0x00000000e4700000)
  from space 3584K, 99% used [0x00000000e4700000,0x00000000e4a78120,0x00000000e4a80000)
  to   space 13824K, 0% used [0x00000000e8380000,0x00000000e8380000,0x00000000e9100000)
 ParOldGen       total 62976K, used 19188K [0x00000000a4800000, 0x00000000a8580000, 0x00000000e1800000)
  object space 62976K, 30% used [0x00000000a4800000,0x00000000a5abd0b8,0x00000000a8580000)
 Metaspace       used 20507K, capacity 20787K, committed 21120K, reserved 1069056K
  class space    used 2018K, capacity 2095K, committed 2176K, reserved 1048576K
}
Event: 8.191 GC heap before
{Heap before GC invocations=6 (full 0):
 PSYoungGen      total 51712K, used 42970K [0x00000000e1800000, 0x00000000e9100000, 0x0000000100000000)
  eden space 48128K, 81% used [0x00000000e1800000,0x00000000e3e7e900,0x00000000e4700000)
  from space 3584K, 99% used [0x00000000e4700000,0x00000000e4a78120,0x00000000e4a80000)
  to   space 13824K, 0% used [0x00000000e8380000,0x00000000e8380000,0x00000000e9100000)
 ParOldGen       total 62976K, used 19188K [0x00000000a4800000, 0x00000000a8580000, 0x00000000e1800000)
  object space 62976K, 30% used [0x00000000a4800000,0x00000000a5abd0b8,0x00000000a8580000)
 Metaspace       used 20910K, capacity 21075K, committed 21296K, reserved 1069056K
  class space    used 2054K, capacity 2127K, committed 2176K, reserved 1048576K
Event: 8.203 GC heap after
Heap after GC invocations=6 (full 0):
 PSYoungGen      total 110080K, used 4670K [0x00000000e1800000, 0x00000000e9100000, 0x0000000100000000)
  eden space 96256K, 0% used [0x00000000e1800000,0x00000000e1800000,0x00000000e7600000)
  from space 13824K, 33% used [0x00000000e8380000,0x00000000e880f960,0x00000000e9100000)
  to   space 13824K, 0% used [0x00000000e7600000,0x00000000e7600000,0x00000000e8380000)
 ParOldGen       total 62976K, used 19188K [0x00000000a4800000, 0x00000000a8580000, 0x00000000e1800000)
  object space 62976K, 30% used [0x00000000a4800000,0x00000000a5abd0b8,0x00000000a8580000)
 Metaspace       used 20910K, capacity 21075K, committed 21296K, reserved 1069056K
  class space    used 2054K, capacity 2127K, committed 2176K, reserved 1048576K
}
Event: 8.203 GC heap before
{Heap before GC invocations=7 (full 1):
 PSYoungGen      total 110080K, used 4670K [0x00000000e1800000, 0x00000000e9100000, 0x0000000100000000)
  eden space 96256K, 0% used [0x00000000e1800000,0x00000000e1800000,0x00000000e7600000)
  from space 13824K, 33% used [0x00000000e8380000,0x00000000e880f960,0x00000000e9100000)
  to   space 13824K, 0% used [0x00000000e7600000,0x00000000e7600000,0x00000000e8380000)
 ParOldGen       total 62976K, used 19188K [0x00000000a4800000, 0x00000000a8580000, 0x00000000e1800000)
  object space 62976K, 30% used [0x00000000a4800000,0x00000000a5abd0b8,0x00000000a8580000)
 Metaspace       used 20910K, capacity 21075K, committed 21296K, reserved 1069056K
  class space    used 2054K, capacity 2127K, committed 2176K, reserved 1048576K
Event: 8.271 GC heap after
Heap after GC invocations=7 (full 1):
 PSYoungGen      total 110080K, used 0K [0x00000000e1800000, 0x00000000e9100000, 0x0000000100000000)
  eden space 96256K, 0% used [0x00000000e1800000,0x00000000e1800000,0x00000000e7600000)
  from space 13824K, 0% used [0x00000000e8380000,0x00000000e8380000,0x00000000e9100000)
  to   space 13824K, 0% used [0x00000000e7600000,0x00000000e7600000,0x00000000e8380000)
 ParOldGen       total 61952K, used 20826K [0x00000000a4800000, 0x00000000a8480000, 0x00000000e1800000)
  object space 61952K, 33% used [0x00000000a4800000,0x00000000a5c56a68,0x00000000a8480000)
 Metaspace       used 20910K, capacity 21075K, committed 21296K, reserved 1069056K
  class space    used 2054K, capacity 2127K, committed 2176K, reserved 1048576K
}
Event: 15.523 GC heap before
{Heap before GC invocations=8 (full 1):
 PSYoungGen      total 110080K, used 96256K [0x00000000e1800000, 0x00000000e9100000, 0x0000000100000000)
  eden space 96256K, 100% used [0x00000000e1800000,0x00000000e7600000,0x00000000e7600000)
  from space 13824K, 0% used [0x00000000e8380000,0x00000000e8380000,0x00000000e9100000)
  to   space 13824K, 0% used [0x00000000e7600000,0x00000000e7600000,0x00000000e8380000)
 ParOldGen       total 61952K, used 20826K [0x00000000a4800000, 0x00000000a8480000, 0x00000000e1800000)
  object space 61952K, 33% used [0x00000000a4800000,0x00000000a5c56a68,0x00000000a8480000)
 Metaspace       used 21217K, capacity 21491K, committed 21808K, reserved 1069056K
  class space    used 2059K, capacity 2159K, committed 2176K, reserved 1048576K
Event: 15.526 GC heap after
Heap after GC invocations=8 (full 1):
 PSYoungGen      total 110080K, used 2960K [0x00000000e1800000, 0x00000000ece00000, 0x0000000100000000)
  eden space 96256K, 0% used [0x00000000e1800000,0x00000000e1800000,0x00000000e7600000)
  from space 13824K, 21% used [0x00000000e7600000,0x00000000e78e4140,0x00000000e8380000)
  to   space 13824K, 0% used [0x00000000ec080000,0x00000000ec080000,0x00000000ece00000)
 ParOldGen       total 61952K, used 20834K [0x00000000a4800000, 0x00000000a8480000, 0x00000000e1800000)
  object space 61952K, 33% used [0x00000000a4800000,0x00000000a5c58a68,0x00000000a8480000)
 Metaspace       used 21217K, capacity 21491K, committed 21808K, reserved 1069056K
  class space    used 2059K, capacity 2159K, committed 2176K, reserved 1048576K
}

