# JRE version: OpenJDK Runtime Environment (8.0_111-b14) (build 1.8.0_111-8u111-b14-2ubuntu0.16.04.2-b14)
# Java VM: OpenJDK 64-Bit Server VM (25.111-b14 mixed mode linux-amd64 compressed oops)
Heap:
 PSYoungGen      total 51712K, used 16994K [0x00000000e1800000, 0x00000000e9200000, 0x0000000100000000)
  eden space 48128K, 35% used [0x00000000e1800000,0x00000000e2898ac8,0x00000000e4700000)
  from space 3584K, 0% used [0x00000000e4700000,0x00000000e4700000,0x00000000e4a80000)
  to   space 14336K, 0% used [0x00000000e8400000,0x00000000e8400000,0x00000000e9200000)
 ParOldGen       total 67072K, used 23549K [0x00000000a4800000, 0x00000000a8980000, 0x00000000e1800000)
  object space 67072K, 35% used [0x00000000a4800000,0x00000000a5eff5b0,0x00000000a8980000)
 Metaspace       used 20918K, capacity 21163K, committed 21552K, reserved 1069056K
  class space    used 2058K, capacity 2159K, committed 2176K, reserved 1048576K
GC Heap History (10 events):
Event: 1.925 GC heap before
{Heap before GC invocations=2 (full 0):
 PSYoungGen      total 27648K, used 27638K [0x00000000e1800000, 0x00000000e3680000, 0x0000000100000000)
  eden space 24064K, 100% used [0x00000000e1800000,0x00000000e2f80000,0x00000000e2f80000)
  from space 3584K, 99% used [0x00000000e2f80000,0x00000000e32fdbe0,0x00000000e3300000)
  to   space 3584K, 0% used [0x00000000e3300000,0x00000000e3300000,0x00000000e3680000)
 ParOldGen       total 62976K, used 391K [0x00000000a4800000, 0x00000000a8580000, 0x00000000e1800000)
  object space 62976K, 0% used [0x00000000a4800000,0x00000000a4861d58,0x00000000a8580000)
 Metaspace       used 19397K, capacity 19643K, committed 19968K, reserved 1067008K
  class space    used 1946K, capacity 2023K, committed 2048K, reserved 1048576K
Event: 1.944 GC heap after
Heap after GC invocations=2 (full 0):
 PSYoungGen      total 27648K, used 3571K [0x00000000e1800000, 0x00000000e4e00000, 0x0000000100000000)
  eden space 24064K, 0% used [0x00000000e1800000,0x00000000e1800000,0x00000000e2f80000)
  from space 3584K, 99% used [0x00000000e3300000,0x00000000e367cf50,0x00000000e3680000)
  to   space 3584K, 0% used [0x00000000e2f80000,0x00000000e2f80000,0x00000000e3300000)
 ParOldGen       total 62976K, used 5585K [0x00000000a4800000, 0x00000000a8580000, 0x00000000e1800000)
  object space 62976K, 8% used [0x00000000a4800000,0x00000000a4d744d0,0x00000000a8580000)
 Metaspace       used 19397K, capacity 19643K, committed 19968K, reserved 1067008K
  class space    used 1946K, capacity 2023K, committed 2048K, reserved 1048576K
}
Event: 2.322 GC heap before
{Heap before GC invocations=3 (full 0):
 PSYoungGen      total 27648K, used 27635K [0x00000000e1800000, 0x00000000e4e00000, 0x0000000100000000)
  eden space 24064K, 100% used [0x00000000e1800000,0x00000000e2f80000,0x00000000e2f80000)
  from space 3584K, 99% used [0x00000000e3300000,0x00000000e367cf50,0x00000000e3680000)
  to   space 3584K, 0% used [0x00000000e2f80000,0x00000000e2f80000,0x00000000e3300000)
 ParOldGen       total 62976K, used 5585K [0x00000000a4800000, 0x00000000a8580000, 0x00000000e1800000)
  object space 62976K, 8% used [0x00000000a4800000,0x00000000a4d744d0,0x00000000a8580000)
 Metaspace       used 19400K, capacity 19643K, committed 19968K, reserved 1067008K
  class space    used 1946K, capacity 2023K, committed 2048K, reserved 1048576K
Event: 2.335 GC heap after
Heap after GC invocations=3 (full 0):
 PSYoungGen      total 27648K, used 3556K [0x00000000e1800000, 0x00000000e4e00000, 0x0000000100000000)
  eden space 24064K, 0% used [0x00000000e1800000,0x00000000e1800000,0x00000000e2f80000)
  from space 3584K, 99% used [0x00000000e2f80000,0x00000000e32f9198,0x00000000e3300000)
  to   space 3584K, 0% used [0x00000000e4a80000,0x00000000e4a80000,0x00000000e4e00000)
 ParOldGen       total 62976K, used 10047K [0x00000000a4800000, 0x00000000a8580000, 0x00000000e1800000)
  object space 62976K, 15% used [0x00000000a4800000,0x00000000a51cfe70,0x00000000a8580000)
 Metaspace       used 19400K, capacity 19643K, committed 19968K, reserved 1067008K
  class space    used 1946K, capacity 2023K, committed 2048K, reserved 1048576K
}
Event: 2.849 GC heap before
{Heap before GC invocations=4 (full 0):
 PSYoungGen      total 27648K, used 27620K [0x00000000e1800000, 0x00000000e4e00000, 0x0000000100000000)
  eden space 24064K, 100% used [0x00000000e1800000,0x00000000e2f80000,0x00000000e2f80000)
  from space 3584K, 99% used [0x00000000e2f80000,0x00000000e32f9198,0x00000000e3300000)
  to   space 3584K, 0% used [0x00000000e4a80000,0x00000000e4a80000,0x00000000e4e00000)
 ParOldGen       total 62976K, used 10047K [0x00000000a4800000, 0x00000000a8580000, 0x00000000e1800000)
  object space 62976K, 15% used [0x00000000a4800000,0x00000000a51cfe70,0x00000000a8580000)
 Metaspace       used 20287K, capacity 20483K, committed 20864K, reserved 1069056K
  class space    used 2025K, capacity 2089K, committed 2176K, reserved 1048576K
Event: 2.868 GC heap after
Heap after GC invocations=4 (full 0):
 PSYoungGen      total 51712K, used 3567K [0x00000000e1800000, 0x00000000e4e00000, 0x0000000100000000)
  eden space 48128K, 0% used [0x00000000e1800000,0x00000000e1800000,0x00000000e4700000)
  from space 3584K, 99% used [0x00000000e4a80000,0x00000000e4dfbfd0,0x00000000e4e00000)
  to   space 3584K, 0% used [0x00000000e4700000,0x00000000e4700000,0x00000000e4a80000)
 ParOldGen       total 62976K, used 20078K [0x00000000a4800000, 0x00000000a8580000, 0x00000000e1800000)
  object space 62976K, 31% used [0x00000000a4800000,0x00000000a5b9ba48,0x00000000a8580000)
 Metaspace       used 20287K, capacity 20483K, committed 20864K, reserved 1069056K
  class space    used 2025K, capacity 2089K, committed 2176K, reserved 1048576K
}
Event: 5.921 GC heap before
{Heap before GC invocations=5 (full 0):
 PSYoungGen      total 51712K, used 50800K [0x00000000e1800000, 0x00000000e4e00000, 0x0000000100000000)
  eden space 48128K, 98% used [0x00000000e1800000,0x00000000e4620298,0x00000000e4700000)
  from space 3584K, 99% used [0x00000000e4a80000,0x00000000e4dfbfd0,0x00000000e4e00000)
  to   space 3584K, 0% used [0x00000000e4700000,0x00000000e4700000,0x00000000e4a80000)
 ParOldGen       total 62976K, used 20078K [0x00000000a4800000, 0x00000000a8580000, 0x00000000e1800000)
  object space 62976K, 31% used [0x00000000a4800000,0x00000000a5b9ba48,0x00000000a8580000)
 Metaspace       used 20850K, capacity 21099K, committed 21296K, reserved 1069056K
  class space    used 2053K, capacity 2159K, committed 2176K, reserved 1048576K
Event: 5.931 GC heap after
Heap after GC invocations=5 (full 0):
 PSYoungGen      total 51712K, used 3583K [0x00000000e1800000, 0x00000000e9200000, 0x0000000100000000)
  eden space 48128K, 0% used [0x00000000e1800000,0x00000000e1800000,0x00000000e4700000)
  from space 3584K, 99% used [0x00000000e4700000,0x00000000e4a7ffe0,0x00000000e4a80000)
  to   space 14336K, 0% used [0x00000000e8400000,0x00000000e8400000,0x00000000e9200000)
 ParOldGen       total 62976K, used 24189K [0x00000000a4800000, 0x00000000a8580000, 0x00000000e1800000)
  object space 62976K, 38% used [0x00000000a4800000,0x00000000a5f9f468,0x00000000a8580000)
 Metaspace       used 20850K, capacity 21099K, committed 21296K, reserved 1069056K
  class space    used 2053K, capacity 2159K, committed 2176K, reserved 1048576K
}
Event: 5.931 GC heap before
{Heap before GC invocations=6 (full 1):
 PSYoungGen      total 51712K, used 3583K [0x00000000e1800000, 0x00000000e9200000, 0x0000000100000000)
  eden space 48128K, 0% used [0x00000000e1800000,0x00000000e1800000,0x00000000e4700000)
  from space 3584K, 99% used [0x00000000e4700000,0x00000000e4a7ffe0,0x00000000e4a80000)
  to   space 14336K, 0% used [0x00000000e8400000,0x00000000e8400000,0x00000000e9200000)
 ParOldGen       total 62976K, used 24189K [0x00000000a4800000, 0x00000000a8580000, 0x00000000e1800000)
  object space 62976K, 38% used [0x00000000a4800000,0x00000000a5f9f468,0x00000000a8580000)
 Metaspace       used 20850K, capacity 21099K, committed 21296K, reserved 1069056K
  class space    used 2053K, capacity 2159K, committed 2176K, reserved 1048576K
Event: 5.988 GC heap after
Heap after GC invocations=6 (full 1):
 PSYoungGen      total 51712K, used 0K [0x00000000e1800000, 0x00000000e9200000, 0x0000000100000000)
  eden space 48128K, 0% used [0x00000000e1800000,0x00000000e1800000,0x00000000e4700000)
  from space 3584K, 0% used [0x00000000e4700000,0x00000000e4700000,0x00000000e4a80000)
  to   space 14336K, 0% used [0x00000000e8400000,0x00000000e8400000,0x00000000e9200000)
 ParOldGen       total 67072K, used 23549K [0x00000000a4800000, 0x00000000a8980000, 0x00000000e1800000)
  object space 67072K, 35% used [0x00000000a4800000,0x00000000a5eff5b0,0x00000000a8980000)
 Metaspace       used 20850K, capacity 21099K, committed 21296K, reserved 1069056K
  class space    used 2053K, capacity 2159K, committed 2176K, reserved 1048576K
}

