# JRE version: OpenJDK Runtime Environment (8.0_111-b14) (build 1.8.0_111-8u111-b14-2ubuntu0.16.04.2-b14)
# Java VM: OpenJDK 64-Bit Server VM (25.111-b14 mixed mode linux-amd64 compressed oops)
Heap:
 PSYoungGen      total 51712K, used 37533K [0x00000000e1800000, 0x00000000e9200000, 0x0000000100000000)
  eden space 48128K, 70% used [0x00000000e1800000,0x00000000e3927c10,0x00000000e4700000)
  from space 3584K, 99% used [0x00000000e4700000,0x00000000e4a7f920,0x00000000e4a80000)
  to   space 14336K, 0% used [0x00000000e8400000,0x00000000e8400000,0x00000000e9200000)
 ParOldGen       total 62976K, used 23987K [0x00000000a4800000, 0x00000000a8580000, 0x00000000e1800000)
  object space 62976K, 38% used [0x00000000a4800000,0x00000000a5f6cc50,0x00000000a8580000)
 Metaspace       used 20630K, capacity 20833K, committed 21120K, reserved 1069056K
  class space    used 2031K, capacity 2094K, committed 2176K, reserved 1048576K
GC Heap History (10 events):
Event: 1.038 GC heap before
{Heap before GC invocations=1 (full 0):
 PSYoungGen      total 27648K, used 24041K [0x00000000e1800000, 0x00000000e3680000, 0x0000000100000000)
  eden space 24064K, 99% used [0x00000000e1800000,0x00000000e2f7a540,0x00000000e2f80000)
  from space 3584K, 0% used [0x00000000e3300000,0x00000000e3300000,0x00000000e3680000)
  to   space 3584K, 0% used [0x00000000e2f80000,0x00000000e2f80000,0x00000000e3300000)
 ParOldGen       total 62976K, used 0K [0x00000000a4800000, 0x00000000a8580000, 0x00000000e1800000)
  object space 62976K, 0% used [0x00000000a4800000,0x00000000a4800000,0x00000000a8580000)
 Metaspace       used 13210K, capacity 13460K, committed 13824K, reserved 1060864K
  class space    used 1407K, capacity 1477K, committed 1536K, reserved 1048576K
Event: 1.043 GC heap after
Heap after GC invocations=1 (full 0):
 PSYoungGen      total 27648K, used 3575K [0x00000000e1800000, 0x00000000e3680000, 0x0000000100000000)
  eden space 24064K, 0% used [0x00000000e1800000,0x00000000e1800000,0x00000000e2f80000)
  from space 3584K, 99% used [0x00000000e2f80000,0x00000000e32fdd58,0x00000000e3300000)
  to   space 3584K, 0% used [0x00000000e3300000,0x00000000e3300000,0x00000000e3680000)
 ParOldGen       total 62976K, used 498K [0x00000000a4800000, 0x00000000a8580000, 0x00000000e1800000)
  object space 62976K, 0% used [0x00000000a4800000,0x00000000a487c9c8,0x00000000a8580000)
 Metaspace       used 13210K, capacity 13460K, committed 13824K, reserved 1060864K
  class space    used 1407K, capacity 1477K, committed 1536K, reserved 1048576K
}
Event: 1.907 GC heap before
{Heap before GC invocations=2 (full 0):
 PSYoungGen      total 27648K, used 27639K [0x00000000e1800000, 0x00000000e3680000, 0x0000000100000000)
  eden space 24064K, 100% used [0x00000000e1800000,0x00000000e2f80000,0x00000000e2f80000)
  from space 3584K, 99% used [0x00000000e2f80000,0x00000000e32fdd58,0x00000000e3300000)
  to   space 3584K, 0% used [0x00000000e3300000,0x00000000e3300000,0x00000000e3680000)
 ParOldGen       total 62976K, used 498K [0x00000000a4800000, 0x00000000a8580000, 0x00000000e1800000)
  object space 62976K, 0% used [0x00000000a4800000,0x00000000a487c9c8,0x00000000a8580000)
 Metaspace       used 17806K, capacity 18023K, committed 18176K, reserved 1064960K
  class space    used 1700K, capacity 1759K, committed 1792K, reserved 1048576K
Event: 1.929 GC heap after
Heap after GC invocations=2 (full 0):
 PSYoungGen      total 27648K, used 3555K [0x00000000e1800000, 0x00000000e4e00000, 0x0000000100000000)
  eden space 24064K, 0% used [0x00000000e1800000,0x00000000e1800000,0x00000000e2f80000)
  from space 3584K, 99% used [0x00000000e3300000,0x00000000e3678e70,0x00000000e3680000)
  to   space 3584K, 0% used [0x00000000e2f80000,0x00000000e2f80000,0x00000000e3300000)
 ParOldGen       total 62976K, used 5478K [0x00000000a4800000, 0x00000000a8580000, 0x00000000e1800000)
  object space 62976K, 8% used [0x00000000a4800000,0x00000000a4d59a60,0x00000000a8580000)
 Metaspace       used 17806K, capacity 18023K, committed 18176K, reserved 1064960K
  class space    used 1700K, capacity 1759K, committed 1792K, reserved 1048576K
}
Event: 2.140 GC heap before
{Heap before GC invocations=3 (full 0):
 PSYoungGen      total 27648K, used 27619K [0x00000000e1800000, 0x00000000e4e00000, 0x0000000100000000)
  eden space 24064K, 100% used [0x00000000e1800000,0x00000000e2f80000,0x00000000e2f80000)
  from space 3584K, 99% used [0x00000000e3300000,0x00000000e3678e70,0x00000000e3680000)
  to   space 3584K, 0% used [0x00000000e2f80000,0x00000000e2f80000,0x00000000e3300000)
 ParOldGen       total 62976K, used 5478K [0x00000000a4800000, 0x00000000a8580000, 0x00000000e1800000)
  object space 62976K, 8% used [0x00000000a4800000,0x00000000a4d59a60,0x00000000a8580000)
 Metaspace       used 17806K, capacity 18023K, committed 18176K, reserved 1064960K
  class space    used 1700K, capacity 1759K, committed 1792K, reserved 1048576K
Event: 2.158 GC heap after
Heap after GC invocations=3 (full 0):
 PSYoungGen      total 27648K, used 3569K [0x00000000e1800000, 0x00000000e4e00000, 0x0000000100000000)
  eden space 24064K, 0% used [0x00000000e1800000,0x00000000e1800000,0x00000000e2f80000)
  from space 3584K, 99% used [0x00000000e2f80000,0x00000000e32fc740,0x00000000e3300000)
  to   space 3584K, 0% used [0x00000000e4a80000,0x00000000e4a80000,0x00000000e4e00000)
 ParOldGen       total 62976K, used 10059K [0x00000000a4800000, 0x00000000a8580000, 0x00000000e1800000)
  object space 62976K, 15% used [0x00000000a4800000,0x00000000a51d2cd8,0x00000000a8580000)
 Metaspace       used 17806K, capacity 18023K, committed 18176K, reserved 1064960K
  class space    used 1700K, capacity 1759K, committed 1792K, reserved 1048576K
}
Event: 2.736 GC heap before
{Heap before GC invocations=4 (full 0):
 PSYoungGen      total 27648K, used 27633K [0x00000000e1800000, 0x00000000e4e00000, 0x0000000100000000)
  eden space 24064K, 100% used [0x00000000e1800000,0x00000000e2f80000,0x00000000e2f80000)
  from space 3584K, 99% used [0x00000000e2f80000,0x00000000e32fc740,0x00000000e3300000)
  to   space 3584K, 0% used [0x00000000e4a80000,0x00000000e4a80000,0x00000000e4e00000)
 ParOldGen       total 62976K, used 10059K [0x00000000a4800000, 0x00000000a8580000, 0x00000000e1800000)
  object space 62976K, 15% used [0x00000000a4800000,0x00000000a51d2cd8,0x00000000a8580000)
 Metaspace       used 20178K, capacity 20419K, committed 20864K, reserved 1069056K
  class space    used 2011K, capacity 2089K, committed 2176K, reserved 1048576K
Event: 2.751 GC heap after
Heap after GC invocations=4 (full 0):
 PSYoungGen      total 51712K, used 3566K [0x00000000e1800000, 0x00000000e4e00000, 0x0000000100000000)
  eden space 48128K, 0% used [0x00000000e1800000,0x00000000e1800000,0x00000000e4700000)
  from space 3584K, 99% used [0x00000000e4a80000,0x00000000e4dfb920,0x00000000e4e00000)
  to   space 3584K, 0% used [0x00000000e4700000,0x00000000e4700000,0x00000000e4a80000)
 ParOldGen       total 62976K, used 20322K [0x00000000a4800000, 0x00000000a8580000, 0x00000000e1800000)
  object space 62976K, 32% used [0x00000000a4800000,0x00000000a5bd8880,0x00000000a8580000)
 Metaspace       used 20178K, capacity 20419K, committed 20864K, reserved 1069056K
  class space    used 2011K, capacity 2089K, committed 2176K, reserved 1048576K
}
Event: 5.991 GC heap before
{Heap before GC invocations=5 (full 0):
 PSYoungGen      total 51712K, used 51694K [0x00000000e1800000, 0x00000000e4e00000, 0x0000000100000000)
  eden space 48128K, 100% used [0x00000000e1800000,0x00000000e4700000,0x00000000e4700000)
  from space 3584K, 99% used [0x00000000e4a80000,0x00000000e4dfb920,0x00000000e4e00000)
  to   space 3584K, 0% used [0x00000000e4700000,0x00000000e4700000,0x00000000e4a80000)
 ParOldGen       total 62976K, used 20322K [0x00000000a4800000, 0x00000000a8580000, 0x00000000e1800000)
  object space 62976K, 32% used [0x00000000a4800000,0x00000000a5bd8880,0x00000000a8580000)
 Metaspace       used 20505K, capacity 20763K, committed 21120K, reserved 1069056K
  class space    used 2025K, capacity 2093K, committed 2176K, reserved 1048576K
Event: 5.999 GC heap after
Heap after GC invocations=5 (full 0):
 PSYoungGen      total 51712K, used 3582K [0x00000000e1800000, 0x00000000e9200000, 0x0000000100000000)
  eden space 48128K, 0% used [0x00000000e1800000,0x00000000e1800000,0x00000000e4700000)
  from space 3584K, 99% used [0x00000000e4700000,0x00000000e4a7f920,0x00000000e4a80000)
  to   space 14336K, 0% used [0x00000000e8400000,0x00000000e8400000,0x00000000e9200000)
 ParOldGen       total 62976K, used 23987K [0x00000000a4800000, 0x00000000a8580000, 0x00000000e1800000)
  object space 62976K, 38% used [0x00000000a4800000,0x00000000a5f6cc50,0x00000000a8580000)
 Metaspace       used 20505K, capacity 20763K, committed 21120K, reserved 1069056K
  class space    used 2025K, capacity 2093K, committed 2176K, reserved 1048576K
}

