# JRE version: OpenJDK Runtime Environment (8.0_111-b14) (build 1.8.0_111-8u111-b14-2ubuntu0.16.04.2-b14)
# Java VM: OpenJDK 64-Bit Server VM (25.111-b14 mixed mode linux-amd64 compressed oops)
Heap:
 PSYoungGen      total 166912K, used 124154K [0x00000000e1800000, 0x00000000ed000000, 0x0000000100000000)
  eden space 156672K, 79% used [0x00000000e1800000,0x00000000e90f6be8,0x00000000eb100000)
  from space 10240K, 2% used [0x00000000ec600000,0x00000000ec648000,0x00000000ed000000)
  to   space 15872K, 0% used [0x00000000eb100000,0x00000000eb100000,0x00000000ec080000)
 ParOldGen       total 65024K, used 24778K [0x00000000a4800000, 0x00000000a8780000, 0x00000000e1800000)
  object space 65024K, 38% used [0x00000000a4800000,0x00000000a60329f0,0x00000000a8780000)
 Metaspace       used 21438K, capacity 21683K, committed 22064K, reserved 1069056K
  class space    used 2073K, capacity 2159K, committed 2176K, reserved 1048576K
GC Heap History (10 events):
Event: 7.522 GC heap before
{Heap before GC invocations=5 (full 0):
 PSYoungGen      total 51712K, used 51696K [0x00000000e1800000, 0x00000000e4e00000, 0x0000000100000000)
  eden space 48128K, 100% used [0x00000000e1800000,0x00000000e4700000,0x00000000e4700000)
  from space 3584K, 99% used [0x00000000e4a80000,0x00000000e4dfc110,0x00000000e4e00000)
  to   space 3584K, 0% used [0x00000000e4700000,0x00000000e4700000,0x00000000e4a80000)
 ParOldGen       total 62976K, used 20476K [0x00000000a4800000, 0x00000000a8580000, 0x00000000e1800000)
  object space 62976K, 32% used [0x00000000a4800000,0x00000000a5bff388,0x00000000a8580000)
 Metaspace       used 20842K, capacity 21101K, committed 21296K, reserved 1069056K
  class space    used 2053K, capacity 2158K, committed 2176K, reserved 1048576K
Event: 7.531 GC heap after
Heap after GC invocations=5 (full 0):
 PSYoungGen      total 51712K, used 3552K [0x00000000e1800000, 0x00000000e9200000, 0x0000000100000000)
  eden space 48128K, 0% used [0x00000000e1800000,0x00000000e1800000,0x00000000e4700000)
  from space 3584K, 99% used [0x00000000e4700000,0x00000000e4a78120,0x00000000e4a80000)
  to   space 14336K, 0% used [0x00000000e8400000,0x00000000e8400000,0x00000000e9200000)
 ParOldGen       total 62976K, used 24585K [0x00000000a4800000, 0x00000000a8580000, 0x00000000e1800000)
  object space 62976K, 39% used [0x00000000a4800000,0x00000000a6002480,0x00000000a8580000)
 Metaspace       used 20842K, capacity 21101K, committed 21296K, reserved 1069056K
  class space    used 2053K, capacity 2158K, committed 2176K, reserved 1048576K
}
Event: 9.109 GC heap before
{Heap before GC invocations=6 (full 0):
 PSYoungGen      total 51712K, used 25356K [0x00000000e1800000, 0x00000000e9200000, 0x0000000100000000)
  eden space 48128K, 45% used [0x00000000e1800000,0x00000000e2d4af08,0x00000000e4700000)
  from space 3584K, 99% used [0x00000000e4700000,0x00000000e4a78120,0x00000000e4a80000)
  to   space 14336K, 0% used [0x00000000e8400000,0x00000000e8400000,0x00000000e9200000)
 ParOldGen       total 62976K, used 24585K [0x00000000a4800000, 0x00000000a8580000, 0x00000000e1800000)
  object space 62976K, 39% used [0x00000000a4800000,0x00000000a6002480,0x00000000a8580000)
 Metaspace       used 20889K, capacity 21101K, committed 21296K, reserved 1069056K
  class space    used 2053K, capacity 2158K, committed 2176K, reserved 1048576K
Event: 9.117 GC heap after
Heap after GC invocations=6 (full 0):
 PSYoungGen      total 110080K, used 3680K [0x00000000e1800000, 0x00000000e9300000, 0x0000000100000000)
  eden space 95744K, 0% used [0x00000000e1800000,0x00000000e1800000,0x00000000e7580000)
  from space 14336K, 25% used [0x00000000e8400000,0x00000000e8798100,0x00000000e9200000)
  to   space 14848K, 0% used [0x00000000e7580000,0x00000000e7580000,0x00000000e8400000)
 ParOldGen       total 62976K, used 24585K [0x00000000a4800000, 0x00000000a8580000, 0x00000000e1800000)
  object space 62976K, 39% used [0x00000000a4800000,0x00000000a6002480,0x00000000a8580000)
 Metaspace       used 20889K, capacity 21101K, committed 21296K, reserved 1069056K
  class space    used 2053K, capacity 2158K, committed 2176K, reserved 1048576K
}
Event: 9.117 GC heap before
{Heap before GC invocations=7 (full 1):
 PSYoungGen      total 110080K, used 3680K [0x00000000e1800000, 0x00000000e9300000, 0x0000000100000000)
  eden space 95744K, 0% used [0x00000000e1800000,0x00000000e1800000,0x00000000e7580000)
  from space 14336K, 25% used [0x00000000e8400000,0x00000000e8798100,0x00000000e9200000)
  to   space 14848K, 0% used [0x00000000e7580000,0x00000000e7580000,0x00000000e8400000)
 ParOldGen       total 62976K, used 24585K [0x00000000a4800000, 0x00000000a8580000, 0x00000000e1800000)
  object space 62976K, 39% used [0x00000000a4800000,0x00000000a6002480,0x00000000a8580000)
 Metaspace       used 20889K, capacity 21101K, committed 21296K, reserved 1069056K
  class space    used 2053K, capacity 2158K, committed 2176K, reserved 1048576K
Event: 9.171 GC heap after
Heap after GC invocations=7 (full 1):
 PSYoungGen      total 110080K, used 0K [0x00000000e1800000, 0x00000000e9300000, 0x0000000100000000)
  eden space 95744K, 0% used [0x00000000e1800000,0x00000000e1800000,0x00000000e7580000)
  from space 14336K, 0% used [0x00000000e8400000,0x00000000e8400000,0x00000000e9200000)
  to   space 14848K, 0% used [0x00000000e7580000,0x00000000e7580000,0x00000000e8400000)
 ParOldGen       total 65024K, used 24762K [0x00000000a4800000, 0x00000000a8780000, 0x00000000e1800000)
  object space 65024K, 38% used [0x00000000a4800000,0x00000000a602e9f0,0x00000000a8780000)
 Metaspace       used 20889K, capacity 21101K, committed 21296K, reserved 1069056K
  class space    used 2053K, capacity 2158K, committed 2176K, reserved 1048576K
}
Event: 18.516 GC heap before
{Heap before GC invocations=8 (full 1):
 PSYoungGen      total 110080K, used 95744K [0x00000000e1800000, 0x00000000e9300000, 0x0000000100000000)
  eden space 95744K, 100% used [0x00000000e1800000,0x00000000e7580000,0x00000000e7580000)
  from space 14336K, 0% used [0x00000000e8400000,0x00000000e8400000,0x00000000e9200000)
  to   space 14848K, 0% used [0x00000000e7580000,0x00000000e7580000,0x00000000e8400000)
 ParOldGen       total 65024K, used 24762K [0x00000000a4800000, 0x00000000a8780000, 0x00000000e1800000)
  object space 65024K, 38% used [0x00000000a4800000,0x00000000a602e9f0,0x00000000a8780000)
 Metaspace       used 21059K, capacity 21357K, committed 21552K, reserved 1069056K
  class space    used 2056K, capacity 2158K, committed 2176K, reserved 1048576K
Event: 18.517 GC heap after
Heap after GC invocations=8 (full 1):
 PSYoungGen      total 110592K, used 128K [0x00000000e1800000, 0x00000000ed500000, 0x0000000100000000)
  eden space 95744K, 0% used [0x00000000e1800000,0x00000000e1800000,0x00000000e7580000)
  from space 14848K, 0% used [0x00000000e7580000,0x00000000e75a0000,0x00000000e8400000)
  to   space 15360K, 0% used [0x00000000ec600000,0x00000000ec600000,0x00000000ed500000)
 ParOldGen       total 65024K, used 24770K [0x00000000a4800000, 0x00000000a8780000, 0x00000000e1800000)
  object space 65024K, 38% used [0x00000000a4800000,0x00000000a60309f0,0x00000000a8780000)
 Metaspace       used 21059K, capacity 21357K, committed 21552K, reserved 1069056K
  class space    used 2056K, capacity 2158K, committed 2176K, reserved 1048576K
}
Event: 27.580 GC heap before
{Heap before GC invocations=9 (full 1):
 PSYoungGen      total 110592K, used 95872K [0x00000000e1800000, 0x00000000ed500000, 0x0000000100000000)
  eden space 95744K, 100% used [0x00000000e1800000,0x00000000e7580000,0x00000000e7580000)
  from space 14848K, 0% used [0x00000000e7580000,0x00000000e75a0000,0x00000000e8400000)
  to   space 15360K, 0% used [0x00000000ec600000,0x00000000ec600000,0x00000000ed500000)
 ParOldGen       total 65024K, used 24770K [0x00000000a4800000, 0x00000000a8780000, 0x00000000e1800000)
  object space 65024K, 38% used [0x00000000a4800000,0x00000000a60309f0,0x00000000a8780000)
 Metaspace       used 21355K, capacity 21619K, committed 21808K, reserved 1069056K
  class space    used 2071K, capacity 2159K, committed 2176K, reserved 1048576K
Event: 27.583 GC heap after
Heap after GC invocations=9 (full 1):
 PSYoungGen      total 166912K, used 288K [0x00000000e1800000, 0x00000000ed000000, 0x0000000100000000)
  eden space 156672K, 0% used [0x00000000e1800000,0x00000000e1800000,0x00000000eb100000)
  from space 10240K, 2% used [0x00000000ec600000,0x00000000ec648000,0x00000000ed000000)
  to   space 15872K, 0% used [0x00000000eb100000,0x00000000eb100000,0x00000000ec080000)
 ParOldGen       total 65024K, used 24778K [0x00000000a4800000, 0x00000000a8780000, 0x00000000e1800000)
  object space 65024K, 38% used [0x00000000a4800000,0x00000000a60329f0,0x00000000a8780000)
 Metaspace       used 21355K, capacity 21619K, committed 21808K, reserved 1069056K
  class space    used 2071K, capacity 2159K, committed 2176K, reserved 1048576K
}

