# JRE version: OpenJDK Runtime Environment (8.0_111-b14) (build 1.8.0_111-8u111-b14-2ubuntu0.16.04.2-b14)
# Java VM: OpenJDK 64-Bit Server VM (25.111-b14 mixed mode linux-amd64 compressed oops)
Heap:
 PSYoungGen      total 51712K, used 3759K [0x00000000e1800000, 0x00000000e4e00000, 0x0000000100000000)
  eden space 48128K, 7% used [0x00000000e1800000,0x00000000e1babe90,0x00000000e4700000)
  from space 3584K, 0% used [0x00000000e4a80000,0x00000000e4a80000,0x00000000e4e00000)
  to   space 3584K, 0% used [0x00000000e4700000,0x00000000e4700000,0x00000000e4a80000)
 ParOldGen       total 58880K, used 16217K [0x00000000a4800000, 0x00000000a8180000, 0x00000000e1800000)
  object space 58880K, 27% used [0x00000000a4800000,0x00000000a57d6738,0x00000000a8180000)
 Metaspace       used 20815K, capacity 21045K, committed 21552K, reserved 1069056K
  class space    used 1977K, capacity 2060K, committed 2176K, reserved 1048576K
GC Heap History (10 events):
Event: 1.101 GC heap before
{Heap before GC invocations=1 (full 0):
 PSYoungGen      total 27648K, used 24064K [0x00000000e1800000, 0x00000000e3680000, 0x0000000100000000)
  eden space 24064K, 100% used [0x00000000e1800000,0x00000000e2f80000,0x00000000e2f80000)
  from space 3584K, 0% used [0x00000000e3300000,0x00000000e3300000,0x00000000e3680000)
  to   space 3584K, 0% used [0x00000000e2f80000,0x00000000e2f80000,0x00000000e3300000)
 ParOldGen       total 62976K, used 0K [0x00000000a4800000, 0x00000000a8580000, 0x00000000e1800000)
  object space 62976K, 0% used [0x00000000a4800000,0x00000000a4800000,0x00000000a8580000)
 Metaspace       used 13248K, capacity 13420K, committed 13568K, reserved 1060864K
  class space    used 1409K, capacity 1509K, committed 1536K, reserved 1048576K
Event: 1.106 GC heap after
Heap after GC invocations=1 (full 0):
 PSYoungGen      total 27648K, used 3570K [0x00000000e1800000, 0x00000000e3680000, 0x0000000100000000)
  eden space 24064K, 0% used [0x00000000e1800000,0x00000000e1800000,0x00000000e2f80000)
  from space 3584K, 99% used [0x00000000e2f80000,0x00000000e32fc818,0x00000000e3300000)
  to   space 3584K, 0% used [0x00000000e3300000,0x00000000e3300000,0x00000000e3680000)
 ParOldGen       total 62976K, used 417K [0x00000000a4800000, 0x00000000a8580000, 0x00000000e1800000)
  object space 62976K, 0% used [0x00000000a4800000,0x00000000a48687d8,0x00000000a8580000)
 Metaspace       used 13248K, capacity 13420K, committed 13568K, reserved 1060864K
  class space    used 1409K, capacity 1509K, committed 1536K, reserved 1048576K
}
Event: 2.088 GC heap before
{Heap before GC invocations=2 (full 0):
 PSYoungGen      total 27648K, used 27634K [0x00000000e1800000, 0x00000000e3680000, 0x0000000100000000)
  eden space 24064K, 100% used [0x00000000e1800000,0x00000000e2f80000,0x00000000e2f80000)
  from space 3584K, 99% used [0x00000000e2f80000,0x00000000e32fc818,0x00000000e3300000)
  to   space 3584K, 0% used [0x00000000e3300000,0x00000000e3300000,0x00000000e3680000)
 ParOldGen       total 62976K, used 417K [0x00000000a4800000, 0x00000000a8580000, 0x00000000e1800000)
  object space 62976K, 0% used [0x00000000a4800000,0x00000000a48687d8,0x00000000a8580000)
 Metaspace       used 19436K, capacity 19699K, committed 19968K, reserved 1067008K
  class space    used 1951K, capacity 2023K, committed 2048K, reserved 1048576K
Event: 2.102 GC heap after
Heap after GC invocations=2 (full 0):
 PSYoungGen      total 27648K, used 3569K [0x00000000e1800000, 0x00000000e3680000, 0x0000000100000000)
  eden space 24064K, 0% used [0x00000000e1800000,0x00000000e1800000,0x00000000e2f80000)
  from space 3584K, 99% used [0x00000000e3300000,0x00000000e367c740,0x00000000e3680000)
  to   space 3584K, 0% used [0x00000000e2f80000,0x00000000e2f80000,0x00000000e3300000)
 ParOldGen       total 62976K, used 5578K [0x00000000a4800000, 0x00000000a8580000, 0x00000000e1800000)
  object space 62976K, 8% used [0x00000000a4800000,0x00000000a4d72af0,0x00000000a8580000)
 Metaspace       used 19436K, capacity 19699K, committed 19968K, reserved 1067008K
  class space    used 1951K, capacity 2023K, committed 2048K, reserved 1048576K
}
Event: 2.349 GC heap before
{Heap before GC invocations=3 (full 0):
 PSYoungGen      total 27648K, used 27633K [0x00000000e1800000, 0x00000000e3680000, 0x0000000100000000)
  eden space 24064K, 100% used [0x00000000e1800000,0x00000000e2f80000,0x00000000e2f80000)
  from space 3584K, 99% used [0x00000000e3300000,0x00000000e367c740,0x00000000e3680000)
  to   space 3584K, 0% used [0x00000000e2f80000,0x00000000e2f80000,0x00000000e3300000)
 ParOldGen       total 62976K, used 5578K [0x00000000a4800000, 0x00000000a8580000, 0x00000000e1800000)
  object space 62976K, 8% used [0x00000000a4800000,0x00000000a4d72af0,0x00000000a8580000)
 Metaspace       used 19443K, capacity 19699K, committed 19968K, reserved 1067008K
  class space    used 1951K, capacity 2023K, committed 2048K, reserved 1048576K
Event: 2.362 GC heap after
Heap after GC invocations=3 (full 0):
 PSYoungGen      total 27648K, used 3572K [0x00000000e1800000, 0x00000000e4e00000, 0x0000000100000000)
  eden space 24064K, 0% used [0x00000000e1800000,0x00000000e1800000,0x00000000e2f80000)
  from space 3584K, 99% used [0x00000000e2f80000,0x00000000e32fd1a8,0x00000000e3300000)
  to   space 3584K, 0% used [0x00000000e4a80000,0x00000000e4a80000,0x00000000e4e00000)
 ParOldGen       total 62976K, used 10146K [0x00000000a4800000, 0x00000000a8580000, 0x00000000e1800000)
  object space 62976K, 16% used [0x00000000a4800000,0x00000000a51e8af0,0x00000000a8580000)
 Metaspace       used 19443K, capacity 19699K, committed 19968K, reserved 1067008K
  class space    used 1951K, capacity 2023K, committed 2048K, reserved 1048576K
}
Event: 16.267 GC heap before
{Heap before GC invocations=4 (full 0):
 PSYoungGen      total 27648K, used 24974K [0x00000000e1800000, 0x00000000e4e00000, 0x0000000100000000)
  eden space 24064K, 88% used [0x00000000e1800000,0x00000000e2ce6a28,0x00000000e2f80000)
  from space 3584K, 99% used [0x00000000e2f80000,0x00000000e32fd1a8,0x00000000e3300000)
  to   space 3584K, 0% used [0x00000000e4a80000,0x00000000e4a80000,0x00000000e4e00000)
 ParOldGen       total 62976K, used 10146K [0x00000000a4800000, 0x00000000a8580000, 0x00000000e1800000)
  object space 62976K, 16% used [0x00000000a4800000,0x00000000a51e8af0,0x00000000a8580000)
 Metaspace       used 20777K, capacity 20981K, committed 21296K, reserved 1069056K
  class space    used 1975K, capacity 2060K, committed 2176K, reserved 1048576K
Event: 16.410 GC heap after
Heap after GC invocations=4 (full 0):
 PSYoungGen      total 51712K, used 3566K [0x00000000e1800000, 0x00000000e4e00000, 0x0000000100000000)
  eden space 48128K, 0% used [0x00000000e1800000,0x00000000e1800000,0x00000000e4700000)
  from space 3584K, 99% used [0x00000000e4a80000,0x00000000e4dfb940,0x00000000e4e00000)
  to   space 3584K, 0% used [0x00000000e4700000,0x00000000e4700000,0x00000000e4a80000)
 ParOldGen       total 62976K, used 15005K [0x00000000a4800000, 0x00000000a8580000, 0x00000000e1800000)
  object space 62976K, 23% used [0x00000000a4800000,0x00000000a56a7628,0x00000000a8580000)
 Metaspace       used 20777K, capacity 20981K, committed 21296K, reserved 1069056K
  class space    used 1975K, capacity 2060K, committed 2176K, reserved 1048576K
}
Event: 16.426 GC heap before
{Heap before GC invocations=5 (full 1):
 PSYoungGen      total 51712K, used 3566K [0x00000000e1800000, 0x00000000e4e00000, 0x0000000100000000)
  eden space 48128K, 0% used [0x00000000e1800000,0x00000000e1800000,0x00000000e4700000)
  from space 3584K, 99% used [0x00000000e4a80000,0x00000000e4dfb940,0x00000000e4e00000)
  to   space 3584K, 0% used [0x00000000e4700000,0x00000000e4700000,0x00000000e4a80000)
 ParOldGen       total 62976K, used 15005K [0x00000000a4800000, 0x00000000a8580000, 0x00000000e1800000)
  object space 62976K, 23% used [0x00000000a4800000,0x00000000a56a7628,0x00000000a8580000)
 Metaspace       used 20777K, capacity 20981K, committed 21296K, reserved 1069056K
  class space    used 1975K, capacity 2060K, committed 2176K, reserved 1048576K
Event: 16.663 GC heap after
Heap after GC invocations=5 (full 1):
 PSYoungGen      total 51712K, used 0K [0x00000000e1800000, 0x00000000e4e00000, 0x0000000100000000)
  eden space 48128K, 0% used [0x00000000e1800000,0x00000000e1800000,0x00000000e4700000)
  from space 3584K, 0% used [0x00000000e4a80000,0x00000000e4a80000,0x00000000e4e00000)
  to   space 3584K, 0% used [0x00000000e4700000,0x00000000e4700000,0x00000000e4a80000)
 ParOldGen       total 58880K, used 16217K [0x00000000a4800000, 0x00000000a8180000, 0x00000000e1800000)
  object space 58880K, 27% used [0x00000000a4800000,0x00000000a57d6738,0x00000000a8180000)
 Metaspace       used 20777K, capacity 20981K, committed 21296K, reserved 1069056K
  class space    used 1975K, capacity 2060K, committed 2176K, reserved 1048576K
}

